<?xml version="1.0" encoding="UTF-8"?>
<coverage generated="1770604330013" clover="3.2.0">
  <project timestamp="1770604330013" name="All files">
    <metrics statements="83" coveredstatements="81" conditionals="41" coveredconditionals="40" methods="21" coveredmethods="20" elements="145" coveredelements="141" complexity="0" loc="83" ncloc="83" packages="3" files="6" classes="6"/>
    <package name="components.common">
      <metrics statements="7" coveredstatements="6" conditionals="10" coveredconditionals="9" methods="5" coveredmethods="4"/>
      <file name="SearchBar.vue" path="/home/bruno/www/nuxt-frontend/components/common/SearchBar.vue">
        <metrics statements="7" coveredstatements="6" conditionals="10" coveredconditionals="9" methods="5" coveredmethods="4"/>
        <line num="2" count="6" type="stmt"/>
        <line num="3" count="1" type="stmt"/>
        <line num="6" count="1" type="cond" truecount="2" falsecount="0"/>
        <line num="7" count="1" type="cond" truecount="2" falsecount="0"/>
        <line num="16" count="0" type="cond" truecount="2" falsecount="0"/>
        <line num="19" count="20" type="stmt"/>
        <line num="26" count="1" type="cond" truecount="2" falsecount="0"/>
      </file>
    </package>
    <package name="composables">
      <metrics statements="39" coveredstatements="39" conditionals="11" coveredconditionals="11" methods="9" coveredmethods="9"/>
      <file name="usePagination.ts" path="/home/bruno/www/nuxt-frontend/composables/usePagination.ts">
        <metrics statements="30" coveredstatements="30" conditionals="11" coveredconditionals="11" methods="6" coveredmethods="6"/>
        <line num="4" count="1" type="cond" truecount="1" falsecount="0"/>
        <line num="5" count="11" type="stmt"/>
        <line num="6" count="11" type="stmt"/>
        <line num="8" count="11" type="stmt"/>
        <line num="9" count="1" type="stmt"/>
        <line num="12" count="11" type="stmt"/>
        <line num="13" count="2" type="cond" truecount="2" falsecount="0"/>
        <line num="14" count="1" type="stmt"/>
        <line num="18" count="11" type="stmt"/>
        <line num="19" count="2" type="cond" truecount="2" falsecount="0"/>
        <line num="20" count="1" type="stmt"/>
        <line num="24" count="11" type="stmt"/>
        <line num="25" count="1" type="stmt"/>
        <line num="28" count="11" type="stmt"/>
        <line num="29" count="4" type="stmt"/>
        <line num="30" count="4" type="stmt"/>
        <line num="32" count="4" type="cond" truecount="2" falsecount="0"/>
        <line num="33" count="1" type="stmt"/>
        <line num="34" count="5" type="stmt"/>
        <line num="37" count="3" type="cond" truecount="2" falsecount="0"/>
        <line num="38" count="5" type="stmt"/>
        <line num="39" count="1" type="stmt"/>
        <line num="40" count="2" type="cond" truecount="2" falsecount="0"/>
        <line num="41" count="1" type="stmt"/>
        <line num="42" count="5" type="stmt"/>
        <line num="44" count="1" type="stmt"/>
        <line num="45" count="3" type="stmt"/>
        <line num="46" count="1" type="stmt"/>
        <line num="50" count="4" type="stmt"/>
        <line num="53" count="11" type="stmt"/>
      </file>
      <file name="useSearch.ts" path="/home/bruno/www/nuxt-frontend/composables/useSearch.ts">
        <metrics statements="9" coveredstatements="9" conditionals="0" coveredconditionals="0" methods="3" coveredmethods="3"/>
        <line num="4" count="1" type="stmt"/>
        <line num="5" count="3" type="stmt"/>
        <line num="6" count="3" type="stmt"/>
        <line num="8" count="3" type="stmt"/>
        <line num="9" count="1" type="stmt"/>
        <line num="12" count="3" type="stmt"/>
        <line num="13" count="1" type="stmt"/>
        <line num="14" count="1" type="stmt"/>
        <line num="17" count="3" type="stmt"/>
      </file>
    </package>
    <package name="utils">
      <metrics statements="37" coveredstatements="36" conditionals="20" coveredconditionals="20" methods="7" coveredmethods="7"/>
      <file name="constants.ts" path="/home/bruno/www/nuxt-frontend/utils/constants.ts">
        <metrics statements="6" coveredstatements="6" conditionals="0" coveredconditionals="0" methods="0" coveredmethods="0"/>
        <line num="5" count="1" type="stmt"/>
        <line num="11" count="1" type="stmt"/>
        <line num="15" count="1" type="stmt"/>
        <line num="21" count="1" type="stmt"/>
        <line num="26" count="1" type="stmt"/>
        <line num="34" count="1" type="stmt"/>
      </file>
      <file name="errorHandler.ts" path="/home/bruno/www/nuxt-frontend/utils/errorHandler.ts">
        <metrics statements="14" coveredstatements="14" conditionals="14" coveredconditionals="14" methods="3" coveredmethods="3"/>
        <line num="18" count="1" type="stmt"/>
        <line num="19" count="5" type="cond" truecount="2" falsecount="0"/>
        <line num="21" count="4" type="stmt"/>
        <line num="24" count="4" type="cond" truecount="4" falsecount="0"/>
        <line num="25" count="1" type="stmt"/>
        <line num="29" count="3" type="cond" truecount="2" falsecount="0"/>
        <line num="30" count="2" type="cond" truecount="2" falsecount="0"/>
        <line num="32" count="1" type="stmt"/>
        <line num="38" count="1" type="stmt"/>
        <line num="39" count="3" type="stmt"/>
        <line num="40" count="3" type="cond" truecount="2" falsecount="0"/>
        <line num="46" count="1" type="stmt"/>
        <line num="47" count="2" type="stmt"/>
        <line num="48" count="2" type="cond" truecount="2" falsecount="0"/>
      </file>
      <file name="formatters.ts" path="/home/bruno/www/nuxt-frontend/utils/formatters.ts">
        <metrics statements="17" coveredstatements="16" conditionals="6" coveredconditionals="6" methods="4" coveredmethods="4"/>
        <line num="8" count="1" type="stmt"/>
        <line num="9" count="3" type="cond" truecount="2" falsecount="0"/>
        <line num="11" count="2" type="stmt"/>
        <line num="12" count="2" type="stmt"/>
        <line num="13" count="2" type="cond" truecount="2" falsecount="0"/>
        <line num="15" count="1" type="stmt"/>
        <line num="21" count="0" type="stmt"/>
        <line num="28" count="1" type="stmt"/>
        <line num="29" count="3" type="cond" truecount="2" falsecount="0"/>
        <line num="30" count="3" type="stmt"/>
        <line num="36" count="1" type="stmt"/>
        <line num="37" count="1" type="stmt"/>
        <line num="43" count="1" type="stmt"/>
        <line num="44" count="2" type="stmt"/>
        <line num="45" count="2" type="stmt"/>
        <line num="46" count="2" type="stmt"/>
        <line num="47" count="2" type="stmt"/>
      </file>
    </package>
  </project>
</coverage>
