<?xml version="1.0" encoding="UTF-8"?>
<coverage generated="1771123035299" clover="3.2.0">
  <project timestamp="1771123035299" name="All files">
    <metrics statements="112" coveredstatements="110" conditionals="55" coveredconditionals="51" methods="32" coveredmethods="31" elements="199" coveredelements="192" complexity="0" loc="112" ncloc="112" packages="7" files="9" classes="9"/>
    <package name="shared.composables">
      <metrics statements="45" coveredstatements="45" conditionals="11" coveredconditionals="11" methods="9" coveredmethods="9"/>
      <file name="usePagination.ts" path="/home/bruno/www/desafio-aposta-tudo/front/src/shared/composables/usePagination.ts">
        <metrics statements="36" coveredstatements="36" conditionals="11" coveredconditionals="11" methods="6" coveredmethods="6"/>
        <line num="3" count="1" type="cond" truecount="1" falsecount="0"/>
        <line num="4" count="11" type="stmt"/>
        <line num="5" count="11" type="stmt"/>
        <line num="7" count="11" type="stmt"/>
        <line num="8" count="1" type="stmt"/>
        <line num="11" count="11" type="stmt"/>
        <line num="12" count="2" type="cond" truecount="2" falsecount="0"/>
        <line num="13" count="1" type="stmt"/>
        <line num="17" count="11" type="stmt"/>
        <line num="18" count="2" type="cond" truecount="2" falsecount="0"/>
        <line num="19" count="1" type="stmt"/>
        <line num="23" count="11" type="stmt"/>
        <line num="24" count="1" type="stmt"/>
        <line num="27" count="11" type="stmt"/>
        <line num="28" count="4" type="stmt"/>
        <line num="29" count="4" type="stmt"/>
        <line num="32" count="4" type="cond" truecount="2" falsecount="0"/>
        <line num="33" count="1" type="stmt"/>
        <line num="34" count="5" type="stmt"/>
        <line num="36" count="1" type="stmt"/>
        <line num="40" count="3" type="stmt"/>
        <line num="43" count="3" type="cond" truecount="2" falsecount="0"/>
        <line num="44" count="1" type="stmt"/>
        <line num="45" count="4" type="stmt"/>
        <line num="47" count="1" type="stmt"/>
        <line num="48" count="1" type="stmt"/>
        <line num="52" count="2" type="cond" truecount="2" falsecount="0"/>
        <line num="53" count="1" type="stmt"/>
        <line num="54" count="5" type="stmt"/>
        <line num="56" count="1" type="stmt"/>
        <line num="60" count="1" type="stmt"/>
        <line num="61" count="1" type="stmt"/>
        <line num="62" count="1" type="stmt"/>
        <line num="63" count="1" type="stmt"/>
        <line num="65" count="1" type="stmt"/>
        <line num="68" count="11" type="stmt"/>
      </file>
      <file name="useSearch.ts" path="/home/bruno/www/desafio-aposta-tudo/front/src/shared/composables/useSearch.ts">
        <metrics statements="9" coveredstatements="9" conditionals="0" coveredconditionals="0" methods="3" coveredmethods="3"/>
        <line num="1" count="1" type="stmt"/>
        <line num="2" count="3" type="stmt"/>
        <line num="3" count="3" type="stmt"/>
        <line num="5" count="3" type="stmt"/>
        <line num="6" count="1" type="stmt"/>
        <line num="9" count="3" type="stmt"/>
        <line num="10" count="1" type="stmt"/>
        <line num="11" count="1" type="stmt"/>
        <line num="14" count="3" type="stmt"/>
      </file>
    </package>
    <package name="shared.error">
      <metrics statements="15" coveredstatements="15" conditionals="16" coveredconditionals="15" methods="3" coveredmethods="3"/>
      <file name="errorHandler.ts" path="/home/bruno/www/desafio-aposta-tudo/front/src/shared/error/errorHandler.ts">
        <metrics statements="15" coveredstatements="15" conditionals="16" coveredconditionals="15" methods="3" coveredmethods="3"/>
        <line num="20" count="1" type="stmt"/>
        <line num="21" count="5" type="cond" truecount="2" falsecount="0"/>
        <line num="23" count="4" type="stmt"/>
        <line num="26" count="4" type="cond" truecount="1" falsecount="1"/>
        <line num="29" count="4" type="cond" truecount="2" falsecount="0"/>
        <line num="32" count="3" type="cond" truecount="2" falsecount="0"/>
        <line num="35" count="2" type="cond" truecount="4" falsecount="0"/>
        <line num="36" count="1" type="stmt"/>
        <line num="40" count="1" type="stmt"/>
        <line num="43" count="1" type="stmt"/>
        <line num="44" count="3" type="stmt"/>
        <line num="45" count="3" type="cond" truecount="2" falsecount="0"/>
        <line num="48" count="1" type="stmt"/>
        <line num="49" count="2" type="stmt"/>
        <line num="50" count="2" type="cond" truecount="2" falsecount="0"/>
      </file>
    </package>
    <package name="shared.utils">
      <metrics statements="26" coveredstatements="25" conditionals="13" coveredconditionals="11" methods="4" coveredmethods="4"/>
      <file name="constants.ts" path="/home/bruno/www/desafio-aposta-tudo/front/src/shared/utils/constants.ts">
        <metrics statements="7" coveredstatements="7" conditionals="0" coveredconditionals="0" methods="0" coveredmethods="0"/>
        <line num="1" count="2" type="stmt"/>
        <line num="7" count="2" type="stmt"/>
        <line num="11" count="2" type="stmt"/>
        <line num="19" count="2" type="stmt"/>
        <line num="24" count="2" type="stmt"/>
        <line num="32" count="2" type="stmt"/>
        <line num="40" count="2" type="stmt"/>
      </file>
      <file name="formatters.ts" path="/home/bruno/www/desafio-aposta-tudo/front/src/shared/utils/formatters.ts">
        <metrics statements="19" coveredstatements="18" conditionals="13" coveredconditionals="11" methods="4" coveredmethods="4"/>
        <line num="5" count="1" type="stmt"/>
        <line num="6" count="5" type="cond" truecount="2" falsecount="0"/>
        <line num="8" count="4" type="stmt"/>
        <line num="9" count="4" type="stmt"/>
        <line num="10" count="4" type="cond" truecount="1" falsecount="1"/>
        <line num="12" count="4" type="stmt"/>
        <line num="14" count="4" type="cond" truecount="5" falsecount="0"/>
        <line num="16" count="3" type="stmt"/>
        <line num="18" count="0" type="stmt"/>
        <line num="22" count="1" type="stmt"/>
        <line num="23" count="3" type="cond" truecount="2" falsecount="0"/>
        <line num="24" count="3" type="cond" truecount="1" falsecount="1"/>
        <line num="27" count="1" type="stmt"/>
        <line num="28" count="1" type="stmt"/>
        <line num="31" count="1" type="stmt"/>
        <line num="32" count="2" type="stmt"/>
        <line num="33" count="2" type="stmt"/>
        <line num="34" count="2" type="stmt"/>
        <line num="35" count="2" type="stmt"/>
      </file>
    </package>
    <package name="ui.app.modules.nivel.domain">
      <metrics statements="7" coveredstatements="7" conditionals="0" coveredconditionals="0" methods="4" coveredmethods="4"/>
      <file name="Nivel.ts" path="/home/bruno/www/desafio-aposta-tudo/front/src/ui/app/modules/nivel/domain/Nivel.ts">
        <metrics statements="7" coveredstatements="7" conditionals="0" coveredconditionals="0" methods="4" coveredmethods="4"/>
        <line num="5" count="2" type="stmt"/>
        <line num="6" count="2" type="stmt"/>
        <line num="7" count="2" type="stmt"/>
        <line num="8" count="2" type="stmt"/>
        <line num="12" count="1" type="stmt"/>
        <line num="21" count="9" type="stmt"/>
        <line num="25" count="1" type="stmt"/>
      </file>
    </package>
    <package name="ui.app.modules.nivel.infrastructure">
      <metrics statements="8" coveredstatements="8" conditionals="3" coveredconditionals="3" methods="5" coveredmethods="5"/>
      <file name="NivelRepository.ts" path="/home/bruno/www/desafio-aposta-tudo/front/src/ui/app/modules/nivel/infrastructure/NivelRepository.ts">
        <metrics statements="8" coveredstatements="8" conditionals="3" coveredconditionals="3" methods="5" coveredmethods="5"/>
        <line num="16" count="5" type="stmt"/>
        <line num="24" count="2" type="stmt"/>
        <line num="29" count="2" type="cond" truecount="2" falsecount="0"/>
        <line num="30" count="1" type="stmt"/>
        <line num="33" count="2" type="stmt"/>
        <line num="37" count="1" type="stmt"/>
        <line num="41" count="1" type="stmt"/>
        <line num="45" count="1" type="stmt"/>
      </file>
    </package>
    <package name="ui.app.modules.nivel.usecase">
      <metrics statements="4" coveredstatements="4" conditionals="2" coveredconditionals="2" methods="2" coveredmethods="2"/>
      <file name="CreateNivel.ts" path="/home/bruno/www/desafio-aposta-tudo/front/src/ui/app/modules/nivel/usecase/CreateNivel.ts">
        <metrics statements="4" coveredstatements="4" conditionals="2" coveredconditionals="2" methods="2" coveredmethods="2"/>
        <line num="6" count="4" type="stmt"/>
        <line num="9" count="4" type="cond" truecount="2" falsecount="0"/>
        <line num="10" count="2" type="stmt"/>
        <line num="13" count="2" type="stmt"/>
      </file>
    </package>
    <package name="ui.components.common">
      <metrics statements="7" coveredstatements="6" conditionals="10" coveredconditionals="9" methods="5" coveredmethods="4"/>
      <file name="SearchBar.vue" path="/home/bruno/www/desafio-aposta-tudo/front/src/ui/components/common/SearchBar.vue">
        <metrics statements="7" coveredstatements="6" conditionals="10" coveredconditionals="9" methods="5" coveredmethods="4"/>
        <line num="2" count="6" type="stmt"/>
        <line num="3" count="1" type="stmt"/>
        <line num="6" count="1" type="cond" truecount="2" falsecount="0"/>
        <line num="7" count="1" type="cond" truecount="2" falsecount="0"/>
        <line num="16" count="0" type="cond" truecount="2" falsecount="0"/>
        <line num="19" count="20" type="stmt"/>
        <line num="26" count="1" type="cond" truecount="2" falsecount="0"/>
      </file>
    </package>
  </project>
</coverage>
