{"/home/bruno/www/nuxt-frontend/components/common/SearchBar.vue": {"path":"/home/bruno/www/nuxt-frontend/components/common/SearchBar.vue","statementMap":{"0":{"start":{"line":2,"column":7},"end":{"line":2,"column":null}},"1":{"start":{"line":3,"column":9},"end":{"line":3,"column":null}},"2":{"start":{"line":2,"column":2},"end":{"line":30,"column":null}},"3":{"start":{"line":6,"column":16},"end":{"line":6,"column":null}},"4":{"start":{"line":7,"column":22},"end":{"line":7,"column":null}},"5":{"start":{"line":16,"column":17},"end":{"line":16,"column":null}},"6":{"start":{"line":19,"column":8},"end":{"line":20,"column":null}},"7":{"start":{"line":26,"column":16},"end":{"line":26,"column":null}}},"fnMap":{"0":{"name":"(anonymous_0)","decl":{"start":{"line":6,"column":14},"end":{"line":6,"column":16}},"loc":{"start":{"line":6,"column":16},"end":{"line":6,"column":null}},"line":6},"1":{"name":"(anonymous_1)","decl":{"start":{"line":7,"column":14},"end":{"line":7,"column":22}},"loc":{"start":{"line":7,"column":22},"end":{"line":7,"column":null}},"line":7},"2":{"name":"(anonymous_2)","decl":{"start":{"line":16,"column":15},"end":{"line":16,"column":17}},"loc":{"start":{"line":16,"column":17},"end":{"line":16,"column":null}},"line":16},"3":{"name":"(anonymous_3)","decl":{"start":{"line":19,"column":45},"end":{"line":19,"column":48}},"loc":{"start":{"line":19,"column":29},"end":{"line":20,"column":null}},"line":19},"4":{"name":"(anonymous_4)","decl":{"start":{"line":26,"column":14},"end":{"line":26,"column":16}},"loc":{"start":{"line":26,"column":16},"end":{"line":26,"column":null}},"line":26}},"branchMap":{"0":{"loc":{"start":{"line":6,"column":14},"end":{"line":6,"column":null}},"type":"binary-expr","locations":[{"start":{"line":6,"column":14},"end":{"line":6,"column":16}},{"start":{"line":6,"column":14},"end":{"line":6,"column":null}}],"line":6},"1":{"loc":{"start":{"line":7,"column":14},"end":{"line":7,"column":null}},"type":"binary-expr","locations":[{"start":{"line":7,"column":14},"end":{"line":7,"column":22}},{"start":{"line":7,"column":14},"end":{"line":7,"column":null}}],"line":7},"2":{"loc":{"start":{"line":13,"column":15},"end":{"line":20,"column":null}},"type":"cond-expr","locations":[{"start":{"line":13,"column":15},"end":{"line":20,"column":null}}],"line":13},"3":{"loc":{"start":{"line":16,"column":15},"end":{"line":16,"column":null}},"type":"binary-expr","locations":[{"start":{"line":16,"column":15},"end":{"line":16,"column":17}},{"start":{"line":16,"column":15},"end":{"line":16,"column":null}}],"line":16},"4":{"loc":{"start":{"line":26,"column":14},"end":{"line":26,"column":null}},"type":"binary-expr","locations":[{"start":{"line":26,"column":14},"end":{"line":26,"column":16}},{"start":{"line":26,"column":14},"end":{"line":26,"column":null}}],"line":26}},"s":{"0":1,"1":1,"2":6,"3":1,"4":1,"5":0,"6":20,"7":1},"f":{"0":1,"1":1,"2":0,"3":20,"4":1},"b":{"0":[6,6],"1":[6,6],"2":[5,null],"3":[5,5],"4":[6,6]},"meta":{"lastBranch":5,"lastFunction":5,"lastStatement":8,"seen":{"s:2:7:2:Infinity":0,"s:3:9:3:Infinity":1,"s:2:2:30:Infinity":2,"b:6:14:6:16:6:14:6:Infinity":0,"f:6:14:6:16":0,"s:6:16:6:Infinity":3,"b:7:14:7:22:7:14:7:Infinity":1,"f:7:14:7:22":1,"s:7:22:7:Infinity":4,"b:13:15:20:Infinity":2,"b:16:15:16:17:16:15:16:Infinity":3,"f:16:15:16:17":2,"s:16:17:16:Infinity":5,"f:19:45:19:48":3,"s:19:8:20:Infinity":6,"b:26:14:26:16:26:14:26:Infinity":4,"f:26:14:26:16":4,"s:26:16:26:Infinity":7}}}
,"/home/bruno/www/nuxt-frontend/composables/usePagination.ts": {"path":"/home/bruno/www/nuxt-frontend/composables/usePagination.ts","statementMap":{"0":{"start":{"line":4,"column":29},"end":{"line":62,"column":null}},"1":{"start":{"line":5,"column":8},"end":{"line":5,"column":null}},"2":{"start":{"line":6,"column":8},"end":{"line":6,"column":null}},"3":{"start":{"line":8,"column":20},"end":{"line":10,"column":null}},"4":{"start":{"line":9,"column":4},"end":{"line":9,"column":null}},"5":{"start":{"line":12,"column":19},"end":{"line":16,"column":null}},"6":{"start":{"line":13,"column":4},"end":{"line":15,"column":null}},"7":{"start":{"line":14,"column":6},"end":{"line":14,"column":null}},"8":{"start":{"line":18,"column":19},"end":{"line":22,"column":null}},"9":{"start":{"line":19,"column":4},"end":{"line":21,"column":null}},"10":{"start":{"line":20,"column":6},"end":{"line":20,"column":null}},"11":{"start":{"line":24,"column":19},"end":{"line":26,"column":null}},"12":{"start":{"line":25,"column":4},"end":{"line":25,"column":null}},"13":{"start":{"line":28,"column":26},"end":{"line":51,"column":null}},"14":{"start":{"line":29,"column":20},"end":{"line":29,"column":null}},"15":{"start":{"line":30,"column":28},"end":{"line":30,"column":null}},"16":{"start":{"line":32,"column":4},"end":{"line":48,"column":null}},"17":{"start":{"line":33,"column":6},"end":{"line":35,"column":null}},"18":{"start":{"line":33,"column":19},"end":{"line":33,"column":22}},"19":{"start":{"line":34,"column":8},"end":{"line":34,"column":null}},"20":{"start":{"line":37,"column":6},"end":{"line":47,"column":null}},"21":{"start":{"line":38,"column":8},"end":{"line":38,"column":null}},"22":{"start":{"line":38,"column":21},"end":{"line":38,"column":24}},"23":{"start":{"line":38,"column":37},"end":{"line":38,"column":null}},"24":{"start":{"line":39,"column":8},"end":{"line":39,"column":null}},"25":{"start":{"line":40,"column":6},"end":{"line":47,"column":null}},"26":{"start":{"line":41,"column":8},"end":{"line":41,"column":null}},"27":{"start":{"line":42,"column":8},"end":{"line":42,"column":null}},"28":{"start":{"line":42,"column":21},"end":{"line":42,"column":35}},"29":{"start":{"line":42,"column":55},"end":{"line":42,"column":null}},"30":{"start":{"line":44,"column":8},"end":{"line":44,"column":null}},"31":{"start":{"line":45,"column":8},"end":{"line":45,"column":null}},"32":{"start":{"line":45,"column":21},"end":{"line":45,"column":34}},"33":{"start":{"line":45,"column":57},"end":{"line":45,"column":null}},"34":{"start":{"line":46,"column":8},"end":{"line":46,"column":null}},"35":{"start":{"line":50,"column":4},"end":{"line":50,"column":null}},"36":{"start":{"line":53,"column":2},"end":{"line":61,"column":null}}},"fnMap":{"0":{"name":"(anonymous_0)","decl":{"start":{"line":4,"column":29},"end":{"line":4,"column":30}},"loc":{"start":{"line":4,"column":60},"end":{"line":62,"column":null}},"line":4},"1":{"name":"(anonymous_1)","decl":{"start":{"line":8,"column":20},"end":{"line":8,"column":26}},"loc":{"start":{"line":8,"column":26},"end":{"line":10,"column":null}},"line":8},"2":{"name":"(anonymous_2)","decl":{"start":{"line":12,"column":19},"end":{"line":12,"column":20}},"loc":{"start":{"line":12,"column":41},"end":{"line":16,"column":null}},"line":12},"3":{"name":"(anonymous_3)","decl":{"start":{"line":18,"column":19},"end":{"line":18,"column":25}},"loc":{"start":{"line":18,"column":25},"end":{"line":22,"column":null}},"line":18},"4":{"name":"(anonymous_4)","decl":{"start":{"line":24,"column":19},"end":{"line":24,"column":20}},"loc":{"start":{"line":24,"column":37},"end":{"line":26,"column":null}},"line":24},"5":{"name":"(anonymous_5)","decl":{"start":{"line":28,"column":26},"end":{"line":28,"column":27}},"loc":{"start":{"line":28,"column":58},"end":{"line":51,"column":null}},"line":28}},"branchMap":{"0":{"loc":{"start":{"line":4,"column":30},"end":{"line":4,"column":60}},"type":"default-arg","locations":[{"start":{"line":4,"column":53},"end":{"line":4,"column":60}}],"line":4},"1":{"loc":{"start":{"line":13,"column":4},"end":{"line":15,"column":null}},"type":"if","locations":[{"start":{"line":13,"column":4},"end":{"line":15,"column":null}},{"start":{},"end":{}}],"line":13},"2":{"loc":{"start":{"line":19,"column":4},"end":{"line":21,"column":null}},"type":"if","locations":[{"start":{"line":19,"column":4},"end":{"line":21,"column":null}},{"start":{},"end":{}}],"line":19},"3":{"loc":{"start":{"line":32,"column":4},"end":{"line":48,"column":null}},"type":"if","locations":[{"start":{"line":32,"column":4},"end":{"line":48,"column":null}},{"start":{"line":36,"column":11},"end":{"line":48,"column":null}}],"line":32},"4":{"loc":{"start":{"line":37,"column":6},"end":{"line":47,"column":null}},"type":"if","locations":[{"start":{"line":37,"column":6},"end":{"line":47,"column":null}},{"start":{"line":40,"column":6},"end":{"line":47,"column":null}}],"line":37},"5":{"loc":{"start":{"line":40,"column":6},"end":{"line":47,"column":null}},"type":"if","locations":[{"start":{"line":40,"column":6},"end":{"line":47,"column":null}},{"start":{"line":43,"column":13},"end":{"line":47,"column":null}}],"line":40}},"s":{"0":1,"1":11,"2":11,"3":11,"4":1,"5":11,"6":2,"7":1,"8":11,"9":2,"10":1,"11":11,"12":1,"13":11,"14":4,"15":4,"16":4,"17":1,"18":1,"19":5,"20":3,"21":1,"22":1,"23":5,"24":1,"25":2,"26":1,"27":1,"28":1,"29":5,"30":1,"31":1,"32":1,"33":3,"34":1,"35":4,"36":11},"f":{"0":11,"1":1,"2":2,"3":2,"4":1,"5":4},"b":{"0":[11],"1":[1,1],"2":[1,1],"3":[1,3],"4":[1,2],"5":[1,1]},"meta":{"lastBranch":6,"lastFunction":6,"lastStatement":37,"seen":{"s:4:29:62:Infinity":0,"f:4:29:4:30":0,"b:4:53:4:60":0,"s:5:8:5:Infinity":1,"s:6:8:6:Infinity":2,"s:8:20:10:Infinity":3,"f:8:20:8:26":1,"s:9:4:9:Infinity":4,"s:12:19:16:Infinity":5,"f:12:19:12:20":2,"b:13:4:15:Infinity:undefined:undefined:undefined:undefined":1,"s:13:4:15:Infinity":6,"s:14:6:14:Infinity":7,"s:18:19:22:Infinity":8,"f:18:19:18:25":3,"b:19:4:21:Infinity:undefined:undefined:undefined:undefined":2,"s:19:4:21:Infinity":9,"s:20:6:20:Infinity":10,"s:24:19:26:Infinity":11,"f:24:19:24:20":4,"s:25:4:25:Infinity":12,"s:28:26:51:Infinity":13,"f:28:26:28:27":5,"s:29:20:29:Infinity":14,"s:30:28:30:Infinity":15,"b:32:4:48:Infinity:36:11:48:Infinity":3,"s:32:4:48:Infinity":16,"s:33:6:35:Infinity":17,"s:33:19:33:22":18,"s:34:8:34:Infinity":19,"b:37:6:47:Infinity:40:6:47:Infinity":4,"s:37:6:47:Infinity":20,"s:38:8:38:Infinity":21,"s:38:21:38:24":22,"s:38:37:38:Infinity":23,"s:39:8:39:Infinity":24,"b:40:6:47:Infinity:43:13:47:Infinity":5,"s:40:6:47:Infinity":25,"s:41:8:41:Infinity":26,"s:42:8:42:Infinity":27,"s:42:21:42:35":28,"s:42:55:42:Infinity":29,"s:44:8:44:Infinity":30,"s:45:8:45:Infinity":31,"s:45:21:45:34":32,"s:45:57:45:Infinity":33,"s:46:8:46:Infinity":34,"s:50:4:50:Infinity":35,"s:53:2:61:Infinity":36}}}
,"/home/bruno/www/nuxt-frontend/composables/useSearch.ts": {"path":"/home/bruno/www/nuxt-frontend/composables/useSearch.ts","statementMap":{"0":{"start":{"line":4,"column":25},"end":{"line":23,"column":null}},"1":{"start":{"line":5,"column":8},"end":{"line":5,"column":null}},"2":{"start":{"line":6,"column":8},"end":{"line":6,"column":null}},"3":{"start":{"line":8,"column":24},"end":{"line":10,"column":null}},"4":{"start":{"line":9,"column":4},"end":{"line":9,"column":null}},"5":{"start":{"line":12,"column":22},"end":{"line":15,"column":null}},"6":{"start":{"line":13,"column":4},"end":{"line":13,"column":null}},"7":{"start":{"line":14,"column":4},"end":{"line":14,"column":null}},"8":{"start":{"line":17,"column":2},"end":{"line":22,"column":null}}},"fnMap":{"0":{"name":"(anonymous_0)","decl":{"start":{"line":4,"column":25},"end":{"line":4,"column":31}},"loc":{"start":{"line":4,"column":31},"end":{"line":23,"column":null}},"line":4},"1":{"name":"(anonymous_1)","decl":{"start":{"line":8,"column":24},"end":{"line":8,"column":30}},"loc":{"start":{"line":8,"column":30},"end":{"line":10,"column":null}},"line":8},"2":{"name":"(anonymous_2)","decl":{"start":{"line":12,"column":22},"end":{"line":12,"column":28}},"loc":{"start":{"line":12,"column":28},"end":{"line":15,"column":null}},"line":12}},"branchMap":{},"s":{"0":1,"1":3,"2":3,"3":3,"4":1,"5":3,"6":1,"7":1,"8":3},"f":{"0":3,"1":1,"2":1},"b":{},"meta":{"lastBranch":0,"lastFunction":3,"lastStatement":9,"seen":{"s:4:25:23:Infinity":0,"f:4:25:4:31":0,"s:5:8:5:Infinity":1,"s:6:8:6:Infinity":2,"s:8:24:10:Infinity":3,"f:8:24:8:30":1,"s:9:4:9:Infinity":4,"s:12:22:15:Infinity":5,"f:12:22:12:28":2,"s:13:4:13:Infinity":6,"s:14:4:14:Infinity":7,"s:17:2:22:Infinity":8}}}
,"/home/bruno/www/nuxt-frontend/utils/constants.ts": {"path":"/home/bruno/www/nuxt-frontend/utils/constants.ts","statementMap":{"0":{"start":{"line":5,"column":26},"end":{"line":9,"column":null}},"1":{"start":{"line":11,"column":24},"end":{"line":13,"column":null}},"2":{"start":{"line":15,"column":28},"end":{"line":19,"column":null}},"3":{"start":{"line":21,"column":28},"end":{"line":24,"column":null}},"4":{"start":{"line":26,"column":27},"end":{"line":32,"column":null}},"5":{"start":{"line":34,"column":30},"end":{"line":41,"column":null}}},"fnMap":{},"branchMap":{},"s":{"0":1,"1":1,"2":1,"3":1,"4":1,"5":1},"f":{},"b":{},"meta":{"lastBranch":0,"lastFunction":0,"lastStatement":6,"seen":{"s:5:26:9:Infinity":0,"s:11:24:13:Infinity":1,"s:15:28:19:Infinity":2,"s:21:28:24:Infinity":3,"s:26:27:32:Infinity":4,"s:34:30:41:Infinity":5}}}
,"/home/bruno/www/nuxt-frontend/utils/errorHandler.ts": {"path":"/home/bruno/www/nuxt-frontend/utils/errorHandler.ts","statementMap":{"0":{"start":{"line":18,"column":31},"end":{"line":33,"column":null}},"1":{"start":{"line":19,"column":2},"end":{"line":19,"column":null}},"2":{"start":{"line":19,"column":14},"end":{"line":19,"column":null}},"3":{"start":{"line":21,"column":14},"end":{"line":21,"column":null}},"4":{"start":{"line":24,"column":2},"end":{"line":26,"column":null}},"5":{"start":{"line":25,"column":4},"end":{"line":25,"column":null}},"6":{"start":{"line":29,"column":2},"end":{"line":29,"column":null}},"7":{"start":{"line":29,"column":19},"end":{"line":29,"column":null}},"8":{"start":{"line":30,"column":2},"end":{"line":30,"column":null}},"9":{"start":{"line":30,"column":35},"end":{"line":30,"column":null}},"10":{"start":{"line":32,"column":2},"end":{"line":32,"column":null}},"11":{"start":{"line":38,"column":31},"end":{"line":41,"column":null}},"12":{"start":{"line":39,"column":14},"end":{"line":39,"column":null}},"13":{"start":{"line":40,"column":2},"end":{"line":40,"column":null}},"14":{"start":{"line":46,"column":31},"end":{"line":49,"column":null}},"15":{"start":{"line":47,"column":14},"end":{"line":47,"column":null}},"16":{"start":{"line":48,"column":2},"end":{"line":48,"column":null}}},"fnMap":{"0":{"name":"(anonymous_0)","decl":{"start":{"line":18,"column":31},"end":{"line":18,"column":32}},"loc":{"start":{"line":18,"column":59},"end":{"line":33,"column":null}},"line":18},"1":{"name":"(anonymous_1)","decl":{"start":{"line":38,"column":31},"end":{"line":38,"column":32}},"loc":{"start":{"line":38,"column":60},"end":{"line":41,"column":null}},"line":38},"2":{"name":"(anonymous_2)","decl":{"start":{"line":46,"column":31},"end":{"line":46,"column":32}},"loc":{"start":{"line":46,"column":60},"end":{"line":49,"column":null}},"line":46}},"branchMap":{"0":{"loc":{"start":{"line":19,"column":2},"end":{"line":19,"column":null}},"type":"if","locations":[{"start":{"line":19,"column":2},"end":{"line":19,"column":null}},{"start":{},"end":{}}],"line":19},"1":{"loc":{"start":{"line":24,"column":2},"end":{"line":26,"column":null}},"type":"if","locations":[{"start":{"line":24,"column":2},"end":{"line":26,"column":null}},{"start":{},"end":{}}],"line":24},"2":{"loc":{"start":{"line":24,"column":6},"end":{"line":24,"column":96}},"type":"binary-expr","locations":[{"start":{"line":24,"column":6},"end":{"line":24,"column":49}},{"start":{"line":24,"column":49},"end":{"line":24,"column":96}}],"line":24},"3":{"loc":{"start":{"line":29,"column":2},"end":{"line":29,"column":null}},"type":"if","locations":[{"start":{"line":29,"column":2},"end":{"line":29,"column":null}},{"start":{},"end":{}}],"line":29},"4":{"loc":{"start":{"line":30,"column":2},"end":{"line":30,"column":null}},"type":"if","locations":[{"start":{"line":30,"column":2},"end":{"line":30,"column":null}},{"start":{},"end":{}}],"line":30},"5":{"loc":{"start":{"line":40,"column":9},"end":{"line":40,"column":null}},"type":"binary-expr","locations":[{"start":{"line":40,"column":9},"end":{"line":40,"column":52}},{"start":{"line":40,"column":52},"end":{"line":40,"column":null}}],"line":40},"6":{"loc":{"start":{"line":48,"column":9},"end":{"line":48,"column":null}},"type":"binary-expr","locations":[{"start":{"line":48,"column":9},"end":{"line":48,"column":53}},{"start":{"line":48,"column":53},"end":{"line":48,"column":null}}],"line":48}},"s":{"0":1,"1":5,"2":1,"3":4,"4":4,"5":1,"6":3,"7":1,"8":2,"9":1,"10":1,"11":1,"12":3,"13":3,"14":1,"15":2,"16":2},"f":{"0":5,"1":3,"2":2},"b":{"0":[1,4],"1":[1,3],"2":[4,3],"3":[1,2],"4":[1,1],"5":[3,2],"6":[2,1]},"meta":{"lastBranch":7,"lastFunction":3,"lastStatement":17,"seen":{"s:18:31:33:Infinity":0,"f:18:31:18:32":0,"b:19:2:19:Infinity:undefined:undefined:undefined:undefined":0,"s:19:2:19:Infinity":1,"s:19:14:19:Infinity":2,"s:21:14:21:Infinity":3,"b:24:2:26:Infinity:undefined:undefined:undefined:undefined":1,"s:24:2:26:Infinity":4,"b:24:6:24:49:24:49:24:96":2,"s:25:4:25:Infinity":5,"b:29:2:29:Infinity:undefined:undefined:undefined:undefined":3,"s:29:2:29:Infinity":6,"s:29:19:29:Infinity":7,"b:30:2:30:Infinity:undefined:undefined:undefined:undefined":4,"s:30:2:30:Infinity":8,"s:30:35:30:Infinity":9,"s:32:2:32:Infinity":10,"s:38:31:41:Infinity":11,"f:38:31:38:32":1,"s:39:14:39:Infinity":12,"s:40:2:40:Infinity":13,"b:40:9:40:52:40:52:40:Infinity":5,"s:46:31:49:Infinity":14,"f:46:31:46:32":2,"s:47:14:47:Infinity":15,"s:48:2:48:Infinity":16,"b:48:9:48:53:48:53:48:Infinity":6}}}
,"/home/bruno/www/nuxt-frontend/utils/formatters.ts": {"path":"/home/bruno/www/nuxt-frontend/utils/formatters.ts","statementMap":{"0":{"start":{"line":8,"column":26},"end":{"line":23,"column":null}},"1":{"start":{"line":9,"column":2},"end":{"line":9,"column":null}},"2":{"start":{"line":9,"column":19},"end":{"line":9,"column":null}},"3":{"start":{"line":11,"column":2},"end":{"line":22,"column":null}},"4":{"start":{"line":12,"column":17},"end":{"line":12,"column":null}},"5":{"start":{"line":13,"column":4},"end":{"line":13,"column":null}},"6":{"start":{"line":13,"column":31},"end":{"line":13,"column":null}},"7":{"start":{"line":15,"column":4},"end":{"line":19,"column":null}},"8":{"start":{"line":21,"column":4},"end":{"line":21,"column":null}},"9":{"start":{"line":28,"column":31},"end":{"line":31,"column":null}},"10":{"start":{"line":29,"column":12},"end":{"line":29,"column":null}},"11":{"start":{"line":30,"column":2},"end":{"line":30,"column":null}},"12":{"start":{"line":36,"column":27},"end":{"line":38,"column":null}},"13":{"start":{"line":37,"column":2},"end":{"line":37,"column":null}},"14":{"start":{"line":43,"column":28},"end":{"line":48,"column":null}},"15":{"start":{"line":44,"column":15},"end":{"line":44,"column":null}},"16":{"start":{"line":45,"column":16},"end":{"line":45,"column":null}},"17":{"start":{"line":46,"column":2},"end":{"line":46,"column":null}},"18":{"start":{"line":47,"column":2},"end":{"line":47,"column":null}}},"fnMap":{"0":{"name":"(anonymous_0)","decl":{"start":{"line":8,"column":26},"end":{"line":8,"column":27}},"loc":{"start":{"line":8,"column":58},"end":{"line":23,"column":null}},"line":8},"1":{"name":"(anonymous_1)","decl":{"start":{"line":28,"column":31},"end":{"line":28,"column":32}},"loc":{"start":{"line":28,"column":64},"end":{"line":31,"column":null}},"line":28},"2":{"name":"(anonymous_2)","decl":{"start":{"line":36,"column":27},"end":{"line":36,"column":41}},"loc":{"start":{"line":36,"column":41},"end":{"line":38,"column":null}},"line":36},"3":{"name":"(anonymous_3)","decl":{"start":{"line":43,"column":28},"end":{"line":43,"column":29}},"loc":{"start":{"line":43,"column":61},"end":{"line":48,"column":null}},"line":43}},"branchMap":{"0":{"loc":{"start":{"line":9,"column":2},"end":{"line":9,"column":null}},"type":"if","locations":[{"start":{"line":9,"column":2},"end":{"line":9,"column":null}},{"start":{},"end":{}}],"line":9},"1":{"loc":{"start":{"line":13,"column":4},"end":{"line":13,"column":null}},"type":"if","locations":[{"start":{"line":13,"column":4},"end":{"line":13,"column":null}},{"start":{},"end":{}}],"line":13},"2":{"loc":{"start":{"line":29,"column":12},"end":{"line":29,"column":null}},"type":"cond-expr","locations":[{"start":{"line":29,"column":39},"end":{"line":29,"column":56}},{"start":{"line":29,"column":56},"end":{"line":29,"column":null}}],"line":29}},"s":{"0":1,"1":3,"2":1,"3":2,"4":2,"5":2,"6":2,"7":1,"8":0,"9":1,"10":3,"11":3,"12":1,"13":1,"14":1,"15":2,"16":2,"17":2,"18":2},"f":{"0":3,"1":3,"2":1,"3":2},"b":{"0":[1,2],"1":[1,1],"2":[1,2]},"meta":{"lastBranch":3,"lastFunction":4,"lastStatement":19,"seen":{"s:8:26:23:Infinity":0,"f:8:26:8:27":0,"b:9:2:9:Infinity:undefined:undefined:undefined:undefined":0,"s:9:2:9:Infinity":1,"s:9:19:9:Infinity":2,"s:11:2:22:Infinity":3,"s:12:17:12:Infinity":4,"b:13:4:13:Infinity:undefined:undefined:undefined:undefined":1,"s:13:4:13:Infinity":5,"s:13:31:13:Infinity":6,"s:15:4:19:Infinity":7,"s:21:4:21:Infinity":8,"s:28:31:31:Infinity":9,"f:28:31:28:32":1,"s:29:12:29:Infinity":10,"b:29:39:29:56:29:56:29:Infinity":2,"s:30:2:30:Infinity":11,"s:36:27:38:Infinity":12,"f:36:27:36:41":2,"s:37:2:37:Infinity":13,"s:43:28:48:Infinity":14,"f:43:28:43:29":3,"s:44:15:44:Infinity":15,"s:45:16:45:Infinity":16,"s:46:2:46:Infinity":17,"s:47:2:47:Infinity":18}}}
}
