{"/home/bruno/www/desafio-aposta-tudo/front/src/shared/composables/usePagination.ts": {"path":"/home/bruno/www/desafio-aposta-tudo/front/src/shared/composables/usePagination.ts","statementMap":{"0":{"start":{"line":3,"column":29},"end":{"line":77,"column":null}},"1":{"start":{"line":4,"column":8},"end":{"line":4,"column":null}},"2":{"start":{"line":5,"column":8},"end":{"line":5,"column":null}},"3":{"start":{"line":7,"column":20},"end":{"line":9,"column":null}},"4":{"start":{"line":8,"column":4},"end":{"line":8,"column":null}},"5":{"start":{"line":11,"column":19},"end":{"line":15,"column":null}},"6":{"start":{"line":12,"column":4},"end":{"line":14,"column":null}},"7":{"start":{"line":13,"column":6},"end":{"line":13,"column":null}},"8":{"start":{"line":17,"column":19},"end":{"line":21,"column":null}},"9":{"start":{"line":18,"column":4},"end":{"line":20,"column":null}},"10":{"start":{"line":19,"column":6},"end":{"line":19,"column":null}},"11":{"start":{"line":23,"column":19},"end":{"line":25,"column":null}},"12":{"start":{"line":24,"column":4},"end":{"line":24,"column":null}},"13":{"start":{"line":27,"column":26},"end":{"line":66,"column":null}},"14":{"start":{"line":28,"column":23},"end":{"line":28,"column":null}},"15":{"start":{"line":29,"column":28},"end":{"line":29,"column":null}},"16":{"start":{"line":32,"column":4},"end":{"line":37,"column":null}},"17":{"start":{"line":33,"column":6},"end":{"line":35,"column":null}},"18":{"start":{"line":33,"column":19},"end":{"line":33,"column":22}},"19":{"start":{"line":34,"column":8},"end":{"line":34,"column":null}},"20":{"start":{"line":36,"column":6},"end":{"line":36,"column":null}},"21":{"start":{"line":40,"column":4},"end":{"line":40,"column":null}},"22":{"start":{"line":43,"column":4},"end":{"line":49,"column":null}},"23":{"start":{"line":44,"column":6},"end":{"line":46,"column":null}},"24":{"start":{"line":44,"column":19},"end":{"line":44,"column":22}},"25":{"start":{"line":45,"column":8},"end":{"line":45,"column":null}},"26":{"start":{"line":47,"column":6},"end":{"line":47,"column":null}},"27":{"start":{"line":48,"column":6},"end":{"line":48,"column":null}},"28":{"start":{"line":52,"column":4},"end":{"line":57,"column":null}},"29":{"start":{"line":53,"column":6},"end":{"line":55,"column":null}},"30":{"start":{"line":53,"column":19},"end":{"line":53,"column":33}},"31":{"start":{"line":54,"column":8},"end":{"line":54,"column":null}},"32":{"start":{"line":56,"column":6},"end":{"line":56,"column":null}},"33":{"start":{"line":60,"column":4},"end":{"line":60,"column":null}},"34":{"start":{"line":61,"column":4},"end":{"line":61,"column":null}},"35":{"start":{"line":62,"column":4},"end":{"line":62,"column":null}},"36":{"start":{"line":63,"column":4},"end":{"line":63,"column":null}},"37":{"start":{"line":65,"column":4},"end":{"line":65,"column":null}},"38":{"start":{"line":68,"column":2},"end":{"line":76,"column":null}}},"fnMap":{"0":{"name":"(anonymous_0)","decl":{"start":{"line":3,"column":29},"end":{"line":3,"column":30}},"loc":{"start":{"line":3,"column":82},"end":{"line":77,"column":null}},"line":3},"1":{"name":"(anonymous_1)","decl":{"start":{"line":7,"column":20},"end":{"line":7,"column":26}},"loc":{"start":{"line":7,"column":26},"end":{"line":9,"column":null}},"line":7},"2":{"name":"(anonymous_2)","decl":{"start":{"line":11,"column":19},"end":{"line":11,"column":20}},"loc":{"start":{"line":11,"column":41},"end":{"line":15,"column":null}},"line":11},"3":{"name":"(anonymous_3)","decl":{"start":{"line":17,"column":19},"end":{"line":17,"column":25}},"loc":{"start":{"line":17,"column":25},"end":{"line":21,"column":null}},"line":17},"4":{"name":"(anonymous_4)","decl":{"start":{"line":23,"column":19},"end":{"line":23,"column":20}},"loc":{"start":{"line":23,"column":37},"end":{"line":25,"column":null}},"line":23},"5":{"name":"(anonymous_5)","decl":{"start":{"line":27,"column":26},"end":{"line":27,"column":27}},"loc":{"start":{"line":27,"column":58},"end":{"line":66,"column":null}},"line":27}},"branchMap":{"0":{"loc":{"start":{"line":3,"column":30},"end":{"line":3,"column":82}},"type":"default-arg","locations":[{"start":{"line":3,"column":53},"end":{"line":3,"column":82}}],"line":3},"1":{"loc":{"start":{"line":12,"column":4},"end":{"line":14,"column":null}},"type":"if","locations":[{"start":{"line":12,"column":4},"end":{"line":14,"column":null}},{"start":{},"end":{}}],"line":12},"2":{"loc":{"start":{"line":18,"column":4},"end":{"line":20,"column":null}},"type":"if","locations":[{"start":{"line":18,"column":4},"end":{"line":20,"column":null}},{"start":{},"end":{}}],"line":18},"3":{"loc":{"start":{"line":32,"column":4},"end":{"line":37,"column":null}},"type":"if","locations":[{"start":{"line":32,"column":4},"end":{"line":37,"column":null}},{"start":{},"end":{}}],"line":32},"4":{"loc":{"start":{"line":43,"column":4},"end":{"line":49,"column":null}},"type":"if","locations":[{"start":{"line":43,"column":4},"end":{"line":49,"column":null}},{"start":{},"end":{}}],"line":43},"5":{"loc":{"start":{"line":52,"column":4},"end":{"line":57,"column":null}},"type":"if","locations":[{"start":{"line":52,"column":4},"end":{"line":57,"column":null}},{"start":{},"end":{}}],"line":52}},"s":{"0":1,"1":11,"2":11,"3":11,"4":1,"5":11,"6":2,"7":1,"8":11,"9":2,"10":1,"11":11,"12":1,"13":11,"14":4,"15":4,"16":4,"17":1,"18":1,"19":5,"20":1,"21":3,"22":3,"23":1,"24":1,"25":4,"26":1,"27":1,"28":2,"29":1,"30":1,"31":5,"32":1,"33":1,"34":1,"35":1,"36":1,"37":1,"38":11},"f":{"0":11,"1":1,"2":2,"3":2,"4":1,"5":4},"b":{"0":[11],"1":[1,1],"2":[1,1],"3":[1,3],"4":[1,2],"5":[1,1]},"meta":{"lastBranch":6,"lastFunction":6,"lastStatement":39,"seen":{"s:3:29:77:Infinity":0,"f:3:29:3:30":0,"b:3:53:3:82":0,"s:4:8:4:Infinity":1,"s:5:8:5:Infinity":2,"s:7:20:9:Infinity":3,"f:7:20:7:26":1,"s:8:4:8:Infinity":4,"s:11:19:15:Infinity":5,"f:11:19:11:20":2,"b:12:4:14:Infinity:undefined:undefined:undefined:undefined":1,"s:12:4:14:Infinity":6,"s:13:6:13:Infinity":7,"s:17:19:21:Infinity":8,"f:17:19:17:25":3,"b:18:4:20:Infinity:undefined:undefined:undefined:undefined":2,"s:18:4:20:Infinity":9,"s:19:6:19:Infinity":10,"s:23:19:25:Infinity":11,"f:23:19:23:20":4,"s:24:4:24:Infinity":12,"s:27:26:66:Infinity":13,"f:27:26:27:27":5,"s:28:23:28:Infinity":14,"s:29:28:29:Infinity":15,"b:32:4:37:Infinity:undefined:undefined:undefined:undefined":3,"s:32:4:37:Infinity":16,"s:33:6:35:Infinity":17,"s:33:19:33:22":18,"s:34:8:34:Infinity":19,"s:36:6:36:Infinity":20,"s:40:4:40:Infinity":21,"b:43:4:49:Infinity:undefined:undefined:undefined:undefined":4,"s:43:4:49:Infinity":22,"s:44:6:46:Infinity":23,"s:44:19:44:22":24,"s:45:8:45:Infinity":25,"s:47:6:47:Infinity":26,"s:48:6:48:Infinity":27,"b:52:4:57:Infinity:undefined:undefined:undefined:undefined":5,"s:52:4:57:Infinity":28,"s:53:6:55:Infinity":29,"s:53:19:53:33":30,"s:54:8:54:Infinity":31,"s:56:6:56:Infinity":32,"s:60:4:60:Infinity":33,"s:61:4:61:Infinity":34,"s:62:4:62:Infinity":35,"s:63:4:63:Infinity":36,"s:65:4:65:Infinity":37,"s:68:2:76:Infinity":38}}}
,"/home/bruno/www/desafio-aposta-tudo/front/src/shared/composables/useSearch.ts": {"path":"/home/bruno/www/desafio-aposta-tudo/front/src/shared/composables/useSearch.ts","statementMap":{"0":{"start":{"line":1,"column":25},"end":{"line":20,"column":null}},"1":{"start":{"line":2,"column":8},"end":{"line":2,"column":null}},"2":{"start":{"line":3,"column":8},"end":{"line":3,"column":null}},"3":{"start":{"line":5,"column":24},"end":{"line":7,"column":null}},"4":{"start":{"line":6,"column":4},"end":{"line":6,"column":null}},"5":{"start":{"line":9,"column":22},"end":{"line":12,"column":null}},"6":{"start":{"line":10,"column":4},"end":{"line":10,"column":null}},"7":{"start":{"line":11,"column":4},"end":{"line":11,"column":null}},"8":{"start":{"line":14,"column":2},"end":{"line":19,"column":null}}},"fnMap":{"0":{"name":"(anonymous_0)","decl":{"start":{"line":1,"column":25},"end":{"line":1,"column":31}},"loc":{"start":{"line":1,"column":31},"end":{"line":20,"column":null}},"line":1},"1":{"name":"(anonymous_1)","decl":{"start":{"line":5,"column":24},"end":{"line":5,"column":30}},"loc":{"start":{"line":5,"column":30},"end":{"line":7,"column":null}},"line":5},"2":{"name":"(anonymous_2)","decl":{"start":{"line":9,"column":22},"end":{"line":9,"column":28}},"loc":{"start":{"line":9,"column":28},"end":{"line":12,"column":null}},"line":9}},"branchMap":{},"s":{"0":1,"1":3,"2":3,"3":3,"4":1,"5":3,"6":1,"7":1,"8":3},"f":{"0":3,"1":1,"2":1},"b":{},"meta":{"lastBranch":0,"lastFunction":3,"lastStatement":9,"seen":{"s:1:25:20:Infinity":0,"f:1:25:1:31":0,"s:2:8:2:Infinity":1,"s:3:8:3:Infinity":2,"s:5:24:7:Infinity":3,"f:5:24:5:30":1,"s:6:4:6:Infinity":4,"s:9:22:12:Infinity":5,"f:9:22:9:28":2,"s:10:4:10:Infinity":6,"s:11:4:11:Infinity":7,"s:14:2:19:Infinity":8}}}
,"/home/bruno/www/desafio-aposta-tudo/front/src/shared/error/errorHandler.ts": {"path":"/home/bruno/www/desafio-aposta-tudo/front/src/shared/error/errorHandler.ts","statementMap":{"0":{"start":{"line":20,"column":31},"end":{"line":41,"column":null}},"1":{"start":{"line":21,"column":2},"end":{"line":21,"column":null}},"2":{"start":{"line":21,"column":14},"end":{"line":21,"column":null}},"3":{"start":{"line":23,"column":14},"end":{"line":23,"column":null}},"4":{"start":{"line":26,"column":2},"end":{"line":26,"column":null}},"5":{"start":{"line":26,"column":25},"end":{"line":26,"column":null}},"6":{"start":{"line":29,"column":2},"end":{"line":29,"column":null}},"7":{"start":{"line":29,"column":35},"end":{"line":29,"column":null}},"8":{"start":{"line":32,"column":2},"end":{"line":32,"column":null}},"9":{"start":{"line":32,"column":19},"end":{"line":32,"column":null}},"10":{"start":{"line":35,"column":2},"end":{"line":37,"column":null}},"11":{"start":{"line":36,"column":4},"end":{"line":36,"column":null}},"12":{"start":{"line":40,"column":2},"end":{"line":40,"column":null}},"13":{"start":{"line":43,"column":31},"end":{"line":46,"column":null}},"14":{"start":{"line":44,"column":14},"end":{"line":44,"column":null}},"15":{"start":{"line":45,"column":2},"end":{"line":45,"column":null}},"16":{"start":{"line":48,"column":31},"end":{"line":51,"column":null}},"17":{"start":{"line":49,"column":14},"end":{"line":49,"column":null}},"18":{"start":{"line":50,"column":2},"end":{"line":50,"column":null}}},"fnMap":{"0":{"name":"(anonymous_0)","decl":{"start":{"line":20,"column":31},"end":{"line":20,"column":32}},"loc":{"start":{"line":20,"column":59},"end":{"line":41,"column":null}},"line":20},"1":{"name":"(anonymous_1)","decl":{"start":{"line":43,"column":31},"end":{"line":43,"column":32}},"loc":{"start":{"line":43,"column":60},"end":{"line":46,"column":null}},"line":43},"2":{"name":"(anonymous_2)","decl":{"start":{"line":48,"column":31},"end":{"line":48,"column":32}},"loc":{"start":{"line":48,"column":60},"end":{"line":51,"column":null}},"line":48}},"branchMap":{"0":{"loc":{"start":{"line":21,"column":2},"end":{"line":21,"column":null}},"type":"if","locations":[{"start":{"line":21,"column":2},"end":{"line":21,"column":null}},{"start":{},"end":{}}],"line":21},"1":{"loc":{"start":{"line":26,"column":2},"end":{"line":26,"column":null}},"type":"if","locations":[{"start":{"line":26,"column":2},"end":{"line":26,"column":null}},{"start":{},"end":{}}],"line":26},"2":{"loc":{"start":{"line":29,"column":2},"end":{"line":29,"column":null}},"type":"if","locations":[{"start":{"line":29,"column":2},"end":{"line":29,"column":null}},{"start":{},"end":{}}],"line":29},"3":{"loc":{"start":{"line":32,"column":2},"end":{"line":32,"column":null}},"type":"if","locations":[{"start":{"line":32,"column":2},"end":{"line":32,"column":null}},{"start":{},"end":{}}],"line":32},"4":{"loc":{"start":{"line":35,"column":2},"end":{"line":37,"column":null}},"type":"if","locations":[{"start":{"line":35,"column":2},"end":{"line":37,"column":null}},{"start":{},"end":{}}],"line":35},"5":{"loc":{"start":{"line":35,"column":6},"end":{"line":35,"column":96}},"type":"binary-expr","locations":[{"start":{"line":35,"column":6},"end":{"line":35,"column":49}},{"start":{"line":35,"column":49},"end":{"line":35,"column":96}}],"line":35},"6":{"loc":{"start":{"line":45,"column":9},"end":{"line":45,"column":null}},"type":"binary-expr","locations":[{"start":{"line":45,"column":9},"end":{"line":45,"column":52}},{"start":{"line":45,"column":52},"end":{"line":45,"column":null}}],"line":45},"7":{"loc":{"start":{"line":50,"column":9},"end":{"line":50,"column":null}},"type":"binary-expr","locations":[{"start":{"line":50,"column":9},"end":{"line":50,"column":53}},{"start":{"line":50,"column":53},"end":{"line":50,"column":null}}],"line":50}},"s":{"0":1,"1":5,"2":1,"3":4,"4":4,"5":0,"6":4,"7":1,"8":3,"9":1,"10":2,"11":1,"12":1,"13":1,"14":3,"15":3,"16":1,"17":2,"18":2},"f":{"0":5,"1":3,"2":2},"b":{"0":[1,4],"1":[0,4],"2":[1,3],"3":[1,2],"4":[1,1],"5":[2,1],"6":[3,2],"7":[2,1]},"meta":{"lastBranch":8,"lastFunction":3,"lastStatement":19,"seen":{"s:20:31:41:Infinity":0,"f:20:31:20:32":0,"b:21:2:21:Infinity:undefined:undefined:undefined:undefined":0,"s:21:2:21:Infinity":1,"s:21:14:21:Infinity":2,"s:23:14:23:Infinity":3,"b:26:2:26:Infinity:undefined:undefined:undefined:undefined":1,"s:26:2:26:Infinity":4,"s:26:25:26:Infinity":5,"b:29:2:29:Infinity:undefined:undefined:undefined:undefined":2,"s:29:2:29:Infinity":6,"s:29:35:29:Infinity":7,"b:32:2:32:Infinity:undefined:undefined:undefined:undefined":3,"s:32:2:32:Infinity":8,"s:32:19:32:Infinity":9,"b:35:2:37:Infinity:undefined:undefined:undefined:undefined":4,"s:35:2:37:Infinity":10,"b:35:6:35:49:35:49:35:96":5,"s:36:4:36:Infinity":11,"s:40:2:40:Infinity":12,"s:43:31:46:Infinity":13,"f:43:31:43:32":1,"s:44:14:44:Infinity":14,"s:45:2:45:Infinity":15,"b:45:9:45:52:45:52:45:Infinity":6,"s:48:31:51:Infinity":16,"f:48:31:48:32":2,"s:49:14:49:Infinity":17,"s:50:2:50:Infinity":18,"b:50:9:50:53:50:53:50:Infinity":7}}}
,"/home/bruno/www/desafio-aposta-tudo/front/src/shared/utils/constants.ts": {"path":"/home/bruno/www/desafio-aposta-tudo/front/src/shared/utils/constants.ts","statementMap":{"0":{"start":{"line":1,"column":26},"end":{"line":5,"column":null}},"1":{"start":{"line":7,"column":24},"end":{"line":9,"column":null}},"2":{"start":{"line":11,"column":28},"end":{"line":15,"column":null}},"3":{"start":{"line":19,"column":28},"end":{"line":22,"column":null}},"4":{"start":{"line":24,"column":27},"end":{"line":30,"column":null}},"5":{"start":{"line":32,"column":29},"end":{"line":38,"column":null}},"6":{"start":{"line":40,"column":30},"end":{"line":47,"column":null}}},"fnMap":{},"branchMap":{},"s":{"0":2,"1":2,"2":2,"3":2,"4":2,"5":2,"6":2},"f":{},"b":{},"meta":{"lastBranch":0,"lastFunction":0,"lastStatement":7,"seen":{"s:1:26:5:Infinity":0,"s:7:24:9:Infinity":1,"s:11:28:15:Infinity":2,"s:19:28:22:Infinity":3,"s:24:27:30:Infinity":4,"s:32:29:38:Infinity":5,"s:40:30:47:Infinity":6}}}
,"/home/bruno/www/desafio-aposta-tudo/front/src/shared/utils/formatters.ts": {"path":"/home/bruno/www/desafio-aposta-tudo/front/src/shared/utils/formatters.ts","statementMap":{"0":{"start":{"line":5,"column":26},"end":{"line":20,"column":null}},"1":{"start":{"line":6,"column":2},"end":{"line":6,"column":null}},"2":{"start":{"line":6,"column":19},"end":{"line":6,"column":null}},"3":{"start":{"line":8,"column":2},"end":{"line":19,"column":null}},"4":{"start":{"line":9,"column":21},"end":{"line":9,"column":null}},"5":{"start":{"line":10,"column":4},"end":{"line":10,"column":null}},"6":{"start":{"line":10,"column":19},"end":{"line":10,"column":null}},"7":{"start":{"line":12,"column":31},"end":{"line":12,"column":null}},"8":{"start":{"line":14,"column":4},"end":{"line":14,"column":null}},"9":{"start":{"line":14,"column":33},"end":{"line":14,"column":null}},"10":{"start":{"line":16,"column":4},"end":{"line":16,"column":null}},"11":{"start":{"line":18,"column":4},"end":{"line":18,"column":null}},"12":{"start":{"line":22,"column":31},"end":{"line":25,"column":null}},"13":{"start":{"line":23,"column":12},"end":{"line":23,"column":null}},"14":{"start":{"line":24,"column":2},"end":{"line":24,"column":null}},"15":{"start":{"line":27,"column":27},"end":{"line":29,"column":null}},"16":{"start":{"line":28,"column":2},"end":{"line":28,"column":null}},"17":{"start":{"line":31,"column":28},"end":{"line":36,"column":null}},"18":{"start":{"line":32,"column":15},"end":{"line":32,"column":null}},"19":{"start":{"line":33,"column":16},"end":{"line":33,"column":null}},"20":{"start":{"line":34,"column":2},"end":{"line":34,"column":null}},"21":{"start":{"line":35,"column":2},"end":{"line":35,"column":null}}},"fnMap":{"0":{"name":"(anonymous_0)","decl":{"start":{"line":5,"column":26},"end":{"line":5,"column":27}},"loc":{"start":{"line":5,"column":58},"end":{"line":20,"column":null}},"line":5},"1":{"name":"(anonymous_1)","decl":{"start":{"line":22,"column":31},"end":{"line":22,"column":32}},"loc":{"start":{"line":22,"column":64},"end":{"line":25,"column":null}},"line":22},"2":{"name":"(anonymous_2)","decl":{"start":{"line":27,"column":27},"end":{"line":27,"column":41}},"loc":{"start":{"line":27,"column":41},"end":{"line":29,"column":null}},"line":27},"3":{"name":"(anonymous_3)","decl":{"start":{"line":31,"column":28},"end":{"line":31,"column":29}},"loc":{"start":{"line":31,"column":61},"end":{"line":36,"column":null}},"line":31}},"branchMap":{"0":{"loc":{"start":{"line":6,"column":2},"end":{"line":6,"column":null}},"type":"if","locations":[{"start":{"line":6,"column":2},"end":{"line":6,"column":null}},{"start":{},"end":{}}],"line":6},"1":{"loc":{"start":{"line":10,"column":4},"end":{"line":10,"column":null}},"type":"if","locations":[{"start":{"line":10,"column":4},"end":{"line":10,"column":null}},{"start":{},"end":{}}],"line":10},"2":{"loc":{"start":{"line":14,"column":4},"end":{"line":14,"column":null}},"type":"if","locations":[{"start":{"line":14,"column":4},"end":{"line":14,"column":null}},{"start":{},"end":{}}],"line":14},"3":{"loc":{"start":{"line":14,"column":8},"end":{"line":14,"column":33}},"type":"binary-expr","locations":[{"start":{"line":14,"column":8},"end":{"line":14,"column":17}},{"start":{"line":14,"column":17},"end":{"line":14,"column":27}},{"start":{"line":14,"column":27},"end":{"line":14,"column":33}}],"line":14},"4":{"loc":{"start":{"line":23,"column":12},"end":{"line":23,"column":null}},"type":"cond-expr","locations":[{"start":{"line":23,"column":39},"end":{"line":23,"column":56}},{"start":{"line":23,"column":56},"end":{"line":23,"column":null}}],"line":23},"5":{"loc":{"start":{"line":24,"column":9},"end":{"line":24,"column":null}},"type":"binary-expr","locations":[{"start":{"line":24,"column":9},"end":{"line":24,"column":42}},{"start":{"line":24,"column":42},"end":{"line":24,"column":null}}],"line":24}},"s":{"0":1,"1":5,"2":1,"3":4,"4":4,"5":4,"6":0,"7":4,"8":4,"9":1,"10":3,"11":0,"12":1,"13":3,"14":3,"15":1,"16":1,"17":1,"18":2,"19":2,"20":2,"21":2},"f":{"0":5,"1":3,"2":1,"3":2},"b":{"0":[1,4],"1":[0,4],"2":[1,3],"3":[4,4,4],"4":[1,2],"5":[3,0]},"meta":{"lastBranch":6,"lastFunction":4,"lastStatement":22,"seen":{"s:5:26:20:Infinity":0,"f:5:26:5:27":0,"b:6:2:6:Infinity:undefined:undefined:undefined:undefined":0,"s:6:2:6:Infinity":1,"s:6:19:6:Infinity":2,"s:8:2:19:Infinity":3,"s:9:21:9:Infinity":4,"b:10:4:10:Infinity:undefined:undefined:undefined:undefined":1,"s:10:4:10:Infinity":5,"s:10:19:10:Infinity":6,"s:12:31:12:Infinity":7,"b:14:4:14:Infinity:undefined:undefined:undefined:undefined":2,"s:14:4:14:Infinity":8,"b:14:8:14:17:14:17:14:27:14:27:14:33":3,"s:14:33:14:Infinity":9,"s:16:4:16:Infinity":10,"s:18:4:18:Infinity":11,"s:22:31:25:Infinity":12,"f:22:31:22:32":1,"s:23:12:23:Infinity":13,"b:23:39:23:56:23:56:23:Infinity":4,"s:24:2:24:Infinity":14,"b:24:9:24:42:24:42:24:Infinity":5,"s:27:27:29:Infinity":15,"f:27:27:27:41":2,"s:28:2:28:Infinity":16,"s:31:28:36:Infinity":17,"f:31:28:31:29":3,"s:32:15:32:Infinity":18,"s:33:16:33:Infinity":19,"s:34:2:34:Infinity":20,"s:35:2:35:Infinity":21}}}
,"/home/bruno/www/desafio-aposta-tudo/front/src/ui/app/modules/nivel/domain/Nivel.ts": {"path":"/home/bruno/www/desafio-aposta-tudo/front/src/ui/app/modules/nivel/domain/Nivel.ts","statementMap":{"0":{"start":{"line":5,"column":20},"end":{"line":5,"column":null}},"1":{"start":{"line":6,"column":20},"end":{"line":6,"column":null}},"2":{"start":{"line":7,"column":20},"end":{"line":7,"column":null}},"3":{"start":{"line":8,"column":20},"end":{"line":8,"column":null}},"4":{"start":{"line":12,"column":4},"end":{"line":17,"column":null}},"5":{"start":{"line":21,"column":4},"end":{"line":21,"column":null}},"6":{"start":{"line":25,"column":4},"end":{"line":30,"column":null}}},"fnMap":{"0":{"name":"(anonymous_0)","decl":{"start":{"line":4,"column":2},"end":{"line":4,"column":null}},"loc":{"start":{"line":9,"column":4},"end":{"line":9,"column":null}},"line":9},"1":{"name":"(anonymous_1)","decl":{"start":{"line":11,"column":9},"end":{"line":11,"column":18}},"loc":{"start":{"line":11,"column":42},"end":{"line":18,"column":null}},"line":11},"2":{"name":"(anonymous_2)","decl":{"start":{"line":20,"column":9},"end":{"line":20,"column":22}},"loc":{"start":{"line":20,"column":45},"end":{"line":22,"column":null}},"line":20},"3":{"name":"(anonymous_3)","decl":{"start":{"line":24,"column":2},"end":{"line":24,"column":22}},"loc":{"start":{"line":24,"column":22},"end":{"line":31,"column":null}},"line":24}},"branchMap":{},"s":{"0":2,"1":2,"2":2,"3":2,"4":1,"5":9,"6":1},"f":{"0":2,"1":2,"2":2,"3":1},"b":{},"meta":{"lastBranch":0,"lastFunction":4,"lastStatement":7,"seen":{"f:4:2:4:Infinity":0,"s:5:20:5:Infinity":0,"s:6:20:6:Infinity":1,"s:7:20:7:Infinity":2,"s:8:20:8:Infinity":3,"f:11:9:11:18":1,"s:12:4:17:Infinity":4,"f:20:9:20:22":2,"s:21:4:21:Infinity":5,"f:24:2:24:22":3,"s:25:4:30:Infinity":6}}}
,"/home/bruno/www/desafio-aposta-tudo/front/src/ui/app/modules/nivel/infrastructure/NivelRepository.ts": {"path":"/home/bruno/www/desafio-aposta-tudo/front/src/ui/app/modules/nivel/infrastructure/NivelRepository.ts","statementMap":{"0":{"start":{"line":16,"column":4},"end":{"line":16,"column":null}},"1":{"start":{"line":24,"column":43},"end":{"line":27,"column":null}},"2":{"start":{"line":29,"column":4},"end":{"line":31,"column":null}},"3":{"start":{"line":30,"column":6},"end":{"line":30,"column":null}},"4":{"start":{"line":33,"column":4},"end":{"line":33,"column":null}},"5":{"start":{"line":37,"column":4},"end":{"line":37,"column":null}},"6":{"start":{"line":41,"column":4},"end":{"line":41,"column":null}},"7":{"start":{"line":45,"column":4},"end":{"line":45,"column":null}}},"fnMap":{"0":{"name":"(anonymous_0)","decl":{"start":{"line":15,"column":2},"end":{"line":15,"column":14}},"loc":{"start":{"line":15,"column":31},"end":{"line":17,"column":null}},"line":15},"1":{"name":"(anonymous_1)","decl":{"start":{"line":19,"column":8},"end":{"line":19,"column":null}},"loc":{"start":{"line":23,"column":39},"end":{"line":34,"column":null}},"line":23},"2":{"name":"(anonymous_2)","decl":{"start":{"line":36,"column":8},"end":{"line":36,"column":15}},"loc":{"start":{"line":36,"column":45},"end":{"line":38,"column":null}},"line":36},"3":{"name":"(anonymous_3)","decl":{"start":{"line":40,"column":8},"end":{"line":40,"column":15}},"loc":{"start":{"line":40,"column":57},"end":{"line":42,"column":null}},"line":40},"4":{"name":"(anonymous_4)","decl":{"start":{"line":44,"column":8},"end":{"line":44,"column":15}},"loc":{"start":{"line":44,"column":42},"end":{"line":46,"column":null}},"line":44}},"branchMap":{"0":{"loc":{"start":{"line":22,"column":4},"end":{"line":22,"column":null}},"type":"default-arg","locations":[{"start":{"line":22,"column":21},"end":{"line":22,"column":null}}],"line":22},"1":{"loc":{"start":{"line":29,"column":4},"end":{"line":31,"column":null}},"type":"if","locations":[{"start":{"line":29,"column":4},"end":{"line":31,"column":null}},{"start":{},"end":{}}],"line":29}},"s":{"0":5,"1":2,"2":2,"3":1,"4":2,"5":1,"6":1,"7":1},"f":{"0":5,"1":2,"2":1,"3":1,"4":1},"b":{"0":[2],"1":[1,1]},"meta":{"lastBranch":2,"lastFunction":5,"lastStatement":8,"seen":{"f:15:2:15:14":0,"s:16:4:16:Infinity":0,"f:19:8:19:Infinity":1,"b:22:21:22:Infinity":0,"s:24:43:27:Infinity":1,"b:29:4:31:Infinity:undefined:undefined:undefined:undefined":1,"s:29:4:31:Infinity":2,"s:30:6:30:Infinity":3,"s:33:4:33:Infinity":4,"f:36:8:36:15":2,"s:37:4:37:Infinity":5,"f:40:8:40:15":3,"s:41:4:41:Infinity":6,"f:44:8:44:15":4,"s:45:4:45:Infinity":7}}}
,"/home/bruno/www/desafio-aposta-tudo/front/src/ui/app/modules/nivel/usecase/CreateNivel.ts": {"path":"/home/bruno/www/desafio-aposta-tudo/front/src/ui/app/modules/nivel/usecase/CreateNivel.ts","statementMap":{"0":{"start":{"line":6,"column":22},"end":{"line":6,"column":52}},"1":{"start":{"line":9,"column":4},"end":{"line":11,"column":null}},"2":{"start":{"line":10,"column":6},"end":{"line":10,"column":null}},"3":{"start":{"line":13,"column":4},"end":{"line":13,"column":null}}},"fnMap":{"0":{"name":"(anonymous_0)","decl":{"start":{"line":6,"column":2},"end":{"line":6,"column":22}},"loc":{"start":{"line":6,"column":52},"end":{"line":6,"column":null}},"line":6},"1":{"name":"(anonymous_1)","decl":{"start":{"line":8,"column":8},"end":{"line":8,"column":16}},"loc":{"start":{"line":8,"column":46},"end":{"line":14,"column":null}},"line":8}},"branchMap":{"0":{"loc":{"start":{"line":9,"column":4},"end":{"line":11,"column":null}},"type":"if","locations":[{"start":{"line":9,"column":4},"end":{"line":11,"column":null}},{"start":{},"end":{}}],"line":9}},"s":{"0":4,"1":4,"2":2,"3":2},"f":{"0":4,"1":4},"b":{"0":[2,2]},"meta":{"lastBranch":1,"lastFunction":2,"lastStatement":4,"seen":{"f:6:2:6:22":0,"s:6:22:6:52":0,"f:8:8:8:16":1,"b:9:4:11:Infinity:undefined:undefined:undefined:undefined":0,"s:9:4:11:Infinity":1,"s:10:6:10:Infinity":2,"s:13:4:13:Infinity":3}}}
,"/home/bruno/www/desafio-aposta-tudo/front/src/ui/components/common/SearchBar.vue": {"path":"/home/bruno/www/desafio-aposta-tudo/front/src/ui/components/common/SearchBar.vue","statementMap":{"0":{"start":{"line":2,"column":7},"end":{"line":2,"column":null}},"1":{"start":{"line":3,"column":9},"end":{"line":3,"column":null}},"2":{"start":{"line":2,"column":2},"end":{"line":30,"column":null}},"3":{"start":{"line":6,"column":16},"end":{"line":6,"column":null}},"4":{"start":{"line":7,"column":22},"end":{"line":7,"column":null}},"5":{"start":{"line":16,"column":17},"end":{"line":16,"column":null}},"6":{"start":{"line":19,"column":8},"end":{"line":20,"column":null}},"7":{"start":{"line":26,"column":16},"end":{"line":26,"column":null}}},"fnMap":{"0":{"name":"(anonymous_0)","decl":{"start":{"line":6,"column":14},"end":{"line":6,"column":16}},"loc":{"start":{"line":6,"column":16},"end":{"line":6,"column":null}},"line":6},"1":{"name":"(anonymous_1)","decl":{"start":{"line":7,"column":14},"end":{"line":7,"column":22}},"loc":{"start":{"line":7,"column":22},"end":{"line":7,"column":null}},"line":7},"2":{"name":"(anonymous_2)","decl":{"start":{"line":16,"column":15},"end":{"line":16,"column":17}},"loc":{"start":{"line":16,"column":17},"end":{"line":16,"column":null}},"line":16},"3":{"name":"(anonymous_3)","decl":{"start":{"line":19,"column":45},"end":{"line":19,"column":48}},"loc":{"start":{"line":19,"column":29},"end":{"line":20,"column":null}},"line":19},"4":{"name":"(anonymous_4)","decl":{"start":{"line":26,"column":14},"end":{"line":26,"column":16}},"loc":{"start":{"line":26,"column":16},"end":{"line":26,"column":null}},"line":26}},"branchMap":{"0":{"loc":{"start":{"line":6,"column":14},"end":{"line":6,"column":null}},"type":"binary-expr","locations":[{"start":{"line":6,"column":14},"end":{"line":6,"column":16}},{"start":{"line":6,"column":14},"end":{"line":6,"column":null}}],"line":6},"1":{"loc":{"start":{"line":7,"column":14},"end":{"line":7,"column":null}},"type":"binary-expr","locations":[{"start":{"line":7,"column":14},"end":{"line":7,"column":22}},{"start":{"line":7,"column":14},"end":{"line":7,"column":null}}],"line":7},"2":{"loc":{"start":{"line":13,"column":15},"end":{"line":20,"column":null}},"type":"cond-expr","locations":[{"start":{"line":13,"column":15},"end":{"line":20,"column":null}}],"line":13},"3":{"loc":{"start":{"line":16,"column":15},"end":{"line":16,"column":null}},"type":"binary-expr","locations":[{"start":{"line":16,"column":15},"end":{"line":16,"column":17}},{"start":{"line":16,"column":15},"end":{"line":16,"column":null}}],"line":16},"4":{"loc":{"start":{"line":26,"column":14},"end":{"line":26,"column":null}},"type":"binary-expr","locations":[{"start":{"line":26,"column":14},"end":{"line":26,"column":16}},{"start":{"line":26,"column":14},"end":{"line":26,"column":null}}],"line":26}},"s":{"0":1,"1":1,"2":6,"3":1,"4":1,"5":0,"6":20,"7":1},"f":{"0":1,"1":1,"2":0,"3":20,"4":1},"b":{"0":[6,6],"1":[6,6],"2":[5,null],"3":[5,5],"4":[6,6]},"meta":{"lastBranch":5,"lastFunction":5,"lastStatement":8,"seen":{"s:2:7:2:Infinity":0,"s:3:9:3:Infinity":1,"s:2:2:30:Infinity":2,"b:6:14:6:16:6:14:6:Infinity":0,"f:6:14:6:16":0,"s:6:16:6:Infinity":3,"b:7:14:7:22:7:14:7:Infinity":1,"f:7:14:7:22":1,"s:7:22:7:Infinity":4,"b:13:15:20:Infinity":2,"b:16:15:16:17:16:15:16:Infinity":3,"f:16:15:16:17":2,"s:16:17:16:Infinity":5,"f:19:45:19:48":3,"s:19:8:20:Infinity":6,"b:26:14:26:16:26:14:26:Infinity":4,"f:26:14:26:16":4,"s:26:16:26:Infinity":7}}}
}
